SF:lib\common\failure.dart
DA:6,3
DA:8,3
DA:9,6
DA:13,1
DA:17,1
DA:21,3
LF:6
LH:6
end_of_record
SF:lib\common\exception.dart
DA:6,4
LF:1
LH:1
end_of_record
SF:lib\data\datasources\db\database_helper.dart
DA:9,0
DA:13,0
DA:17,0
DA:18,0
DA:25,0
DA:26,0
DA:27,0
DA:29,0
DA:32,0
DA:33,0
DA:38,0
DA:39,0
DA:47,0
DA:57,0
DA:58,0
DA:59,0
DA:70,0
DA:71,0
DA:72,0
DA:75,0
DA:76,0
DA:77,0
DA:80,0
DA:84,0
DA:85,0
DA:86,0
DA:89,0
DA:92,0
DA:93,0
DA:99,0
DA:100,0
DA:101,0
DA:105,0
DA:106,0
DA:107,0
DA:110,0
DA:111,0
DA:112,0
DA:115,0
DA:119,0
DA:120,0
DA:121,0
DA:124,0
DA:127,0
DA:128,0
DA:134,0
DA:135,0
DA:136,0
LF:48
LH:0
end_of_record
SF:lib\data\models\movie_table.dart
DA:11,3
DA:18,4
DA:19,2
DA:20,2
DA:21,2
DA:22,2
DA:25,4
DA:26,2
DA:27,2
DA:28,2
DA:29,2
DA:32,2
DA:33,1
DA:34,1
DA:35,1
DA:36,1
DA:39,4
DA:40,2
DA:41,2
DA:42,2
DA:43,2
DA:46,3
DA:47,15
LF:23
LH:23
end_of_record
SF:lib\data\models\tv_series_table.dart
DA:6,4
DA:18,4
DA:19,2
DA:20,2
DA:21,2
DA:22,2
DA:25,4
DA:26,2
DA:27,2
DA:28,2
DA:29,2
DA:32,2
DA:33,1
DA:34,1
DA:35,1
DA:36,1
DA:39,4
DA:40,2
DA:41,2
DA:42,2
DA:43,2
DA:46,3
DA:47,15
LF:23
LH:23
end_of_record
SF:lib\data\datasources\movie_local_data_source.dart
DA:15,1
DA:17,1
DA:20,2
DA:23,2
DA:27,1
DA:30,2
DA:33,2
DA:37,1
DA:39,2
DA:41,1
DA:47,1
DA:49,2
DA:50,4
LF:13
LH:13
end_of_record
SF:lib\data\datasources\movie_remote_data_source.dart
DA:24,1
DA:26,1
DA:28,2
DA:29,1
DA:32,2
DA:33,4
DA:35,1
DA:39,1
DA:41,4
DA:43,2
DA:44,3
DA:46,1
DA:50,1
DA:52,2
DA:53,2
DA:56,2
DA:57,4
DA:59,1
DA:63,1
DA:65,2
DA:66,1
DA:69,2
DA:70,4
DA:72,1
DA:76,1
DA:78,2
DA:79,1
DA:82,2
DA:83,4
DA:85,1
DA:89,1
DA:91,2
DA:92,2
DA:95,2
DA:96,4
DA:98,1
LF:36
LH:36
end_of_record
SF:lib\data\models\movie_detail_model.dart
DA:6,2
DA:52,2
DA:53,2
DA:54,2
DA:55,2
DA:56,2
DA:57,2
DA:58,8
DA:60,2
DA:61,2
DA:62,2
DA:63,2
DA:64,2
DA:65,2
DA:66,4
DA:67,2
DA:68,2
DA:69,2
DA:70,2
DA:71,2
DA:72,2
DA:73,2
DA:74,2
DA:75,4
DA:76,2
DA:79,2
DA:80,1
DA:81,1
DA:82,1
DA:83,5
DA:84,1
DA:85,1
DA:86,1
DA:87,1
DA:88,1
DA:89,1
DA:90,1
DA:91,1
DA:92,1
DA:93,1
DA:94,1
DA:95,1
DA:96,1
DA:97,1
DA:98,1
DA:99,1
DA:100,1
DA:103,2
DA:104,2
DA:105,2
DA:106,2
DA:107,10
DA:108,2
DA:109,2
DA:110,2
DA:111,2
DA:112,2
DA:113,2
DA:114,2
DA:115,2
DA:116,2
DA:120,1
DA:121,1
DA:122,1
DA:123,1
DA:124,1
DA:125,1
DA:126,1
DA:127,1
DA:128,1
DA:129,1
DA:130,1
DA:131,1
DA:132,1
DA:133,1
DA:134,1
DA:135,1
DA:136,1
DA:137,1
DA:138,1
DA:139,1
DA:140,1
DA:141,1
DA:142,1
LF:84
LH:84
end_of_record
SF:lib\data\models\movie_model.dart
DA:5,2
DA:35,4
DA:36,2
DA:37,2
DA:38,8
DA:39,2
DA:40,2
DA:41,2
DA:42,4
DA:43,2
DA:44,2
DA:45,2
DA:46,2
DA:47,4
DA:48,2
DA:51,2
DA:52,1
DA:53,1
DA:54,4
DA:55,1
DA:56,1
DA:57,1
DA:58,1
DA:59,1
DA:60,1
DA:61,1
DA:62,1
DA:63,1
DA:64,1
DA:67,2
DA:68,2
DA:69,2
DA:70,2
DA:71,2
DA:72,2
DA:73,2
DA:74,2
DA:75,2
DA:76,2
DA:77,2
DA:78,2
DA:79,2
DA:80,2
DA:81,2
DA:85,2
DA:86,2
DA:87,2
DA:88,2
DA:89,2
DA:90,2
DA:91,2
DA:92,2
DA:93,2
DA:94,2
DA:95,2
DA:96,2
DA:97,2
DA:98,2
DA:99,2
LF:59
LH:59
end_of_record
SF:lib\data\models\movie_response.dart
DA:7,2
DA:9,4
DA:10,2
DA:11,2
DA:12,6
DA:13,6
DA:17,2
DA:18,5
DA:21,1
DA:22,2
LF:10
LH:10
end_of_record
SF:lib\data\datasources\tv_series_local_data_source.dart
DA:15,1
DA:17,1
DA:20,2
DA:23,2
DA:27,1
DA:30,2
DA:33,2
DA:37,1
DA:39,2
DA:41,1
DA:47,1
DA:49,2
DA:50,4
LF:13
LH:13
end_of_record
SF:lib\data\datasources\tv_series_remote_data_source.dart
DA:26,1
DA:28,1
DA:30,2
DA:31,1
DA:34,2
DA:35,4
DA:37,1
DA:41,1
DA:43,2
DA:44,1
DA:47,2
DA:48,4
DA:50,1
DA:54,1
DA:56,2
DA:57,1
DA:60,2
DA:61,4
DA:63,1
DA:67,1
DA:69,4
DA:71,2
DA:72,3
DA:74,1
DA:78,1
DA:80,2
DA:81,2
DA:84,2
DA:85,4
DA:87,1
DA:91,1
DA:93,2
DA:94,2
DA:97,2
DA:98,4
DA:100,1
DA:104,1
DA:109,2
DA:110,2
DA:113,2
DA:114,3
DA:116,1
LF:42
LH:42
end_of_record
SF:lib\data\models\season_detail_response.dart
DA:5,3
DA:21,3
DA:22,3
DA:23,3
DA:24,3
DA:25,3
DA:26,3
DA:27,3
DA:28,3
DA:29,5
DA:30,3
DA:33,2
DA:34,2
DA:35,2
DA:36,2
DA:37,2
DA:38,2
DA:39,2
DA:40,2
LF:19
LH:19
end_of_record
SF:lib\data\models\tv_series_detail_model.dart
DA:7,2
DA:49,2
DA:50,2
DA:51,2
DA:52,2
DA:53,2
DA:54,8
DA:56,2
DA:57,2
DA:58,2
DA:59,2
DA:60,8
DA:61,2
DA:62,2
DA:63,2
DA:64,4
DA:65,2
DA:66,2
DA:67,8
DA:69,2
DA:70,2
DA:71,2
DA:72,4
DA:73,2
DA:76,2
DA:77,1
DA:78,1
DA:79,5
DA:80,1
DA:81,1
DA:82,1
DA:83,1
DA:84,4
DA:85,1
DA:86,1
DA:87,1
DA:88,1
DA:89,1
DA:90,5
DA:91,1
DA:92,1
DA:93,1
DA:94,1
DA:95,1
DA:98,4
DA:99,2
DA:100,2
DA:101,8
DA:102,2
DA:103,2
DA:104,2
DA:105,2
DA:106,2
DA:107,2
DA:108,2
DA:109,2
DA:110,2
DA:111,2
DA:112,8
DA:113,2
DA:114,2
DA:115,2
DA:116,2
DA:117,2
DA:120,2
DA:121,2
DA:122,2
DA:123,2
DA:124,2
DA:125,2
DA:126,2
DA:127,2
DA:128,2
DA:129,2
DA:130,2
DA:131,2
DA:132,2
DA:133,2
DA:134,2
DA:135,2
DA:136,2
DA:137,2
DA:138,2
DA:139,2
DA:140,2
LF:85
LH:85
end_of_record
SF:lib\data\models\tv_series_model.dart
DA:5,2
DA:35,4
DA:36,2
DA:37,2
DA:38,8
DA:39,2
DA:40,2
DA:41,8
DA:42,2
DA:43,2
DA:44,2
DA:45,4
DA:46,2
DA:47,4
DA:48,2
DA:51,2
DA:52,1
DA:53,1
DA:54,4
DA:55,1
DA:56,1
DA:57,4
DA:58,1
DA:59,1
DA:60,1
DA:61,1
DA:62,1
DA:63,1
DA:64,1
DA:67,4
DA:68,2
DA:69,2
DA:70,2
DA:71,2
DA:72,2
DA:73,2
DA:74,2
DA:75,2
DA:76,2
DA:77,2
DA:78,2
DA:79,2
DA:80,2
DA:83,2
DA:84,2
DA:85,2
DA:86,2
DA:87,2
DA:88,2
DA:89,2
DA:90,2
DA:91,2
DA:92,2
DA:93,2
DA:94,2
DA:95,2
DA:96,2
DA:97,2
LF:58
LH:58
end_of_record
SF:lib\data\models\tv_series_response.dart
DA:5,2
DA:9,2
DA:10,2
DA:11,2
DA:12,8
DA:16,2
DA:17,5
DA:20,1
DA:21,2
LF:9
LH:9
end_of_record
SF:lib\data\models\episode_model.dart
DA:5,2
DA:27,4
DA:28,2
DA:29,2
DA:30,2
DA:31,2
DA:32,2
DA:33,2
DA:34,4
DA:35,2
DA:36,2
DA:39,2
DA:40,1
DA:41,1
DA:42,1
DA:43,1
DA:44,1
DA:45,1
DA:46,1
DA:47,1
DA:48,1
DA:51,2
DA:52,1
DA:53,1
DA:54,1
DA:55,1
DA:56,1
DA:57,1
DA:58,1
DA:59,1
DA:60,1
DA:63,2
DA:64,2
DA:65,2
DA:66,2
DA:67,2
DA:68,2
DA:69,2
DA:70,2
DA:71,2
DA:72,2
DA:73,2
LF:42
LH:42
end_of_record
SF:lib\domain\entities\episode.dart
DA:4,1
DA:26,2
DA:27,2
DA:28,2
DA:29,2
DA:30,2
DA:31,2
DA:32,2
DA:33,2
DA:34,2
DA:35,2
DA:36,2
LF:12
LH:12
end_of_record
SF:lib\data\models\genre_model.dart
DA:5,5
DA:10,5
DA:11,15
DA:13,12
DA:15,4
DA:16,12
DA:19,3
DA:20,9
LF:8
LH:8
end_of_record
SF:lib\domain\entities\genre.dart
DA:4,5
DA:9,6
DA:10,18
LF:3
LH:3
end_of_record
SF:lib\domain\entities\movie_detail.dart
DA:5,3
DA:33,2
DA:34,2
DA:35,2
DA:36,2
DA:37,2
DA:38,2
DA:39,2
DA:40,2
DA:41,2
DA:42,2
DA:43,2
DA:44,2
DA:45,2
LF:14
LH:14
end_of_record
SF:lib\domain\entities\movie.dart
DA:4,3
DA:20,3
DA:49,6
DA:50,6
DA:51,6
DA:52,6
DA:53,6
DA:54,6
DA:55,6
DA:56,6
DA:57,6
DA:58,6
DA:59,6
DA:60,6
DA:61,6
DA:62,6
DA:63,6
LF:17
LH:17
end_of_record
SF:lib\data\models\season_model.dart
DA:5,3
DA:23,6
DA:24,3
DA:25,3
DA:26,3
DA:27,3
DA:28,3
DA:29,3
DA:30,3
DA:33,4
DA:34,2
DA:35,2
DA:36,2
DA:37,2
DA:38,2
DA:39,2
DA:40,2
DA:43,4
DA:44,2
DA:45,2
DA:46,2
DA:47,2
DA:48,2
DA:49,2
DA:50,2
DA:53,2
DA:54,2
DA:55,2
DA:56,2
DA:57,2
DA:58,2
DA:59,2
DA:60,2
DA:61,2
LF:34
LH:34
end_of_record
SF:lib\domain\entities\season.dart
DA:4,3
DA:22,3
DA:23,3
DA:24,3
DA:25,3
DA:26,3
DA:27,3
DA:28,3
DA:29,3
DA:30,3
LF:10
LH:10
end_of_record
SF:lib\domain\entities\tv_series_detail.dart
DA:6,3
DA:48,2
DA:49,2
DA:50,2
DA:51,2
DA:52,2
DA:53,2
DA:54,2
DA:55,2
DA:56,2
DA:57,2
DA:58,2
DA:59,2
DA:60,2
DA:61,2
DA:62,2
DA:63,2
DA:64,2
DA:65,2
DA:66,2
DA:67,2
DA:68,2
LF:22
LH:22
end_of_record
SF:lib\domain\entities\tv_series.dart
DA:4,3
DA:20,3
DA:49,6
DA:50,6
DA:51,6
DA:52,6
DA:53,6
DA:54,6
DA:55,6
DA:56,6
DA:57,6
DA:58,6
DA:59,6
DA:60,6
DA:61,6
DA:62,6
DA:63,6
LF:17
LH:17
end_of_record
SF:lib\common\constants.dart
DA:15,9
DA:19,30
DA:24,3
DA:29,3
DA:36,3
DA:37,1
DA:38,1
DA:39,1
DA:40,1
DA:43,4
LF:10
LH:10
end_of_record
SF:lib\domain\usecases\get_now_playing_tv_series.dart
DA:9,1
DA:11,1
DA:12,2
LF:3
LH:3
end_of_record
SF:lib\domain\usecases\get_popular_tv_series.dart
DA:9,1
DA:11,1
DA:12,2
LF:3
LH:3
end_of_record
SF:lib\domain\usecases\get_season_detail.dart
DA:9,1
DA:11,1
DA:15,2
LF:3
LH:3
end_of_record
SF:lib\domain\usecases\get_top_rated_tv_series.dart
DA:9,1
DA:11,1
DA:12,2
LF:3
LH:3
end_of_record
SF:lib\domain\usecases\get_tv_series_detail.dart
DA:9,1
DA:11,1
DA:12,2
LF:3
LH:3
end_of_record
SF:lib\domain\usecases\get_tv_series_recommendations.dart
DA:9,1
DA:11,1
DA:12,2
LF:3
LH:3
end_of_record
SF:lib\domain\usecases\get_watchlist_tv_series_status.dart
DA:6,1
DA:8,1
DA:9,2
LF:3
LH:3
end_of_record
SF:lib\domain\usecases\remove_watchlist_tv_series.dart
DA:9,1
DA:11,1
DA:12,2
LF:3
LH:3
end_of_record
SF:lib\domain\usecases\save_watchlist_tv_series.dart
DA:9,1
DA:11,1
DA:12,2
LF:3
LH:3
end_of_record
SF:lib\presentation\bloc\tv_series_detail_event.dart
DA:4,2
DA:6,0
DA:7,0
DA:12,1
DA:14,1
DA:15,2
DA:20,0
DA:22,1
DA:23,2
DA:28,0
DA:30,1
DA:31,2
DA:36,1
DA:38,1
DA:39,2
DA:45,1
DA:50,1
DA:51,3
LF:18
LH:14
end_of_record
SF:lib\presentation\bloc\tv_series_detail_bloc.dart
DA:28,1
DA:35,2
DA:36,2
DA:37,2
DA:38,2
DA:39,2
DA:40,2
DA:43,1
DA:47,2
DA:48,3
DA:49,2
DA:50,1
DA:52,3
DA:54,6
DA:57,1
DA:58,1
DA:59,2
DA:60,1
DA:63,1
DA:69,2
DA:70,3
DA:75,1
DA:77,2
DA:78,1
DA:79,1
DA:80,1
DA:81,3
DA:88,1
DA:92,2
DA:93,1
DA:94,3
DA:97,1
DA:98,2
DA:99,1
DA:102,2
DA:104,2
DA:105,2
DA:107,1
DA:108,1
DA:116,1
DA:120,2
DA:121,1
DA:122,3
DA:125,1
DA:126,2
DA:127,1
DA:130,2
DA:132,2
DA:133,2
DA:135,1
DA:136,1
DA:144,1
DA:148,3
DA:149,2
DA:150,1
DA:151,2
DA:156,1
DA:160,2
DA:161,1
DA:162,2
DA:163,1
DA:167,2
DA:168,1
DA:169,1
DA:171,2
DA:172,1
DA:173,2
DA:174,2
DA:176,1
DA:179,2
DA:180,2
LF:71
LH:71
end_of_record
SF:lib\presentation\bloc\tv_series_detail_state.dart
DA:6,2
DA:8,1
DA:9,1
DA:18,1
DA:20,1
DA:21,2
DA:34,2
DA:45,2
DA:55,2
DA:56,2
DA:57,2
DA:58,2
DA:59,2
DA:60,2
DA:61,2
DA:62,2
DA:63,2
DA:67,1
DA:68,1
DA:69,1
DA:70,1
DA:71,1
DA:72,1
DA:73,1
DA:74,1
DA:75,1
DA:76,1
LF:27
LH:27
end_of_record
SF:lib\presentation\bloc\tv_series_list_state.dart
DA:4,2
DA:6,1
DA:7,1
DA:16,1
DA:18,1
DA:19,2
DA:24,2
DA:26,1
DA:27,2
DA:31,2
DA:33,1
DA:34,1
DA:43,1
DA:45,1
DA:46,2
DA:51,2
DA:53,1
DA:54,2
DA:58,2
DA:60,1
DA:61,1
DA:70,1
DA:72,1
DA:73,2
DA:78,2
DA:80,1
DA:81,2
LF:27
LH:27
end_of_record
SF:lib\presentation\bloc\tv_series_list_event.dart
DA:4,2
DA:6,1
DA:7,1
DA:13,2
DA:15,1
DA:16,1
DA:22,2
DA:24,1
DA:25,1
LF:9
LH:9
end_of_record
SF:lib\presentation\bloc\tv_series_list_bloc.dart
DA:15,1
DA:16,2
DA:17,2
DA:20,1
DA:24,2
DA:25,2
DA:26,1
DA:27,4
DA:28,3
DA:37,1
DA:38,2
DA:39,2
DA:42,1
DA:46,2
DA:47,2
DA:48,1
DA:49,4
DA:50,3
DA:59,1
DA:60,2
DA:61,2
DA:64,1
DA:68,2
DA:69,2
DA:70,1
DA:71,4
DA:72,3
LF:27
LH:27
end_of_record
SF:lib\presentation\pages\now_playing_tv_series_page.dart
DA:9,0
DA:11,1
DA:12,1
DA:16,1
DA:18,1
DA:19,2
DA:20,4
DA:23,1
DA:25,1
DA:26,1
DA:27,1
DA:29,1
DA:30,1
DA:31,1
DA:33,1
DA:34,1
DA:35,1
DA:36,2
DA:37,1
DA:39,2
DA:41,1
DA:42,1
DA:44,2
LF:23
LH:22
end_of_record
SF:lib\presentation\widgets\tv_series_card_list.dart
DA:10,3
DA:12,4
DA:14,4
DA:16,4
DA:17,1
DA:18,1
DA:21,2
DA:24,4
DA:26,4
DA:27,4
DA:28,4
DA:34,4
DA:36,4
DA:37,4
DA:38,8
DA:41,4
DA:44,4
DA:45,8
DA:53,4
DA:55,4
DA:57,4
DA:58,12
DA:60,4
DA:62,0
LF:24
LH:23
end_of_record
SF:lib\presentation\pages\tv_series_detail_page.dart
DA:17,0
DA:19,1
DA:20,1
DA:24,1
DA:26,1
DA:27,2
DA:28,6
DA:31,1
DA:33,1
DA:34,1
DA:35,1
DA:36,1
DA:38,1
DA:39,1
DA:40,1
DA:41,1
DA:42,1
DA:43,1
DA:46,1
DA:47,2
DA:62,1
DA:69,1
DA:71,3
DA:72,1
DA:73,1
DA:74,1
DA:75,3
DA:77,1
DA:79,0
DA:81,1
DA:83,1
DA:84,1
DA:85,1
DA:91,1
DA:92,1
DA:93,1
DA:95,1
DA:97,1
DA:99,1
DA:100,4
DA:101,1
DA:105,1
DA:106,1
DA:107,2
DA:108,1
DA:109,1
DA:112,1
DA:115,2
DA:116,2
DA:119,1
DA:121,1
DA:122,1
DA:123,1
DA:130,1
DA:131,1
DA:132,1
DA:133,0
DA:134,1
DA:135,0
DA:137,0
DA:138,0
DA:141,0
DA:142,0
DA:146,1
DA:148,1
DA:158,4
DA:159,1
DA:160,5
DA:162,1
DA:163,1
DA:164,1
DA:165,3
DA:167,1
DA:173,4
DA:177,2
DA:178,3
DA:180,2
DA:181,1
DA:183,2
DA:184,2
DA:187,2
DA:188,1
DA:190,2
DA:191,2
DA:192,1
DA:194,1
DA:196,1
DA:197,2
DA:198,1
DA:200,1
DA:201,0
DA:202,0
DA:205,0
DA:208,1
DA:212,1
DA:214,2
DA:215,1
DA:221,0
DA:228,2
DA:235,1
DA:237,1
DA:250,1
DA:252,1
DA:255,1
DA:257,0
DA:258,0
DA:267,1
DA:272,1
DA:275,1
DA:276,1
DA:277,1
DA:278,1
DA:279,0
DA:280,1
DA:282,1
DA:284,1
DA:285,1
DA:286,1
DA:287,2
DA:288,1
DA:289,0
DA:290,0
DA:291,0
DA:293,0
DA:297,1
DA:300,1
DA:301,1
DA:302,1
DA:305,1
DA:307,1
DA:308,1
DA:312,1
DA:313,1
DA:315,2
DA:319,1
DA:322,0
DA:325,0
DA:333,1
DA:335,1
DA:336,1
DA:353,1
DA:354,1
DA:355,1
DA:356,1
DA:359,2
DA:361,2
DA:362,0
DA:363,2
DA:364,0
DA:372,0
DA:373,0
DA:376,0
DA:379,0
DA:380,0
DA:381,0
DA:382,0
DA:384,0
DA:385,0
DA:386,0
DA:387,0
DA:388,0
DA:390,0
DA:394,0
DA:396,0
DA:401,0
DA:402,0
DA:407,0
DA:408,0
DA:419,1
DA:421,2
DA:422,3
DA:424,1
DA:425,3
LF:173
LH:131
end_of_record
SF:lib\data\repositories\movie_repository_impl.dart
DA:17,1
DA:22,1
DA:25,2
DA:26,5
DA:27,1
DA:29,1
DA:34,1
DA:37,2
DA:38,2
DA:39,1
DA:41,1
DA:46,1
DA:49,2
DA:50,3
DA:51,1
DA:53,1
DA:58,1
DA:61,2
DA:62,5
DA:63,1
DA:65,1
DA:70,1
DA:73,2
DA:74,5
DA:75,1
DA:77,1
DA:82,1
DA:85,2
DA:86,5
DA:87,1
DA:89,1
DA:94,1
DA:97,2
DA:98,1
DA:100,1
DA:101,1
DA:102,3
DA:108,1
DA:111,2
DA:112,1
DA:114,1
DA:115,1
DA:116,3
DA:120,1
DA:122,2
DA:126,1
DA:128,2
DA:129,5
LF:48
LH:48
end_of_record
SF:lib\data\repositories\tv_series_repository_impl.dart
DA:18,1
DA:23,1
DA:26,2
DA:27,5
DA:28,1
DA:30,1
DA:35,1
DA:38,2
DA:39,5
DA:40,1
DA:42,1
DA:47,1
DA:50,2
DA:51,5
DA:52,1
DA:54,1
DA:59,1
DA:62,2
DA:63,2
DA:64,1
DA:66,1
DA:71,1
DA:76,2
DA:77,3
DA:78,1
DA:80,1
DA:85,1
DA:88,2
DA:89,5
DA:90,1
DA:92,1
DA:97,1
DA:100,2
DA:101,1
DA:103,1
DA:104,1
DA:105,3
DA:111,1
DA:116,2
DA:117,1
DA:119,1
DA:120,1
DA:121,3
DA:125,1
DA:127,2
DA:131,1
DA:133,2
DA:134,5
DA:137,1
DA:143,2
DA:144,4
DA:145,1
DA:147,1
LF:53
LH:53
end_of_record
SF:lib\domain\usecases\get_movie_detail.dart
DA:9,1
DA:11,1
DA:12,2
LF:3
LH:3
end_of_record
SF:lib\domain\usecases\get_movie_recommendations.dart
DA:9,1
DA:11,1
DA:12,2
LF:3
LH:3
end_of_record
SF:lib\domain\usecases\get_now_playing_movies.dart
DA:9,1
DA:11,1
DA:12,2
LF:3
LH:3
end_of_record
SF:lib\domain\usecases\get_popular_movies.dart
DA:9,1
DA:11,1
DA:12,2
LF:3
LH:3
end_of_record
SF:lib\domain\usecases\get_top_rated_movies.dart
DA:9,1
DA:11,1
DA:12,2
LF:3
LH:3
end_of_record
SF:lib\domain\usecases\get_watchlist_movies.dart
DA:9,1
DA:11,1
DA:12,2
LF:3
LH:3
end_of_record
SF:lib\domain\usecases\get_watchlist_status.dart
DA:6,1
DA:8,1
DA:9,2
LF:3
LH:3
end_of_record
SF:lib\domain\usecases\get_watchlist_tv_series.dart
DA:9,1
DA:11,1
DA:12,2
LF:3
LH:3
end_of_record
SF:lib\domain\usecases\remove_watchlist.dart
DA:9,1
DA:11,1
DA:12,2
LF:3
LH:3
end_of_record
SF:lib\domain\usecases\save_watchlist.dart
DA:9,1
DA:11,1
DA:12,2
LF:3
LH:3
end_of_record
SF:lib\domain\usecases\search_movies.dart
DA:9,1
DA:11,1
DA:12,2
LF:3
LH:3
end_of_record
SF:lib\domain\usecases\search_tv_series.dart
DA:9,1
DA:11,1
DA:12,2
LF:3
LH:3
end_of_record
SF:lib\presentation\bloc\movie_detail_event.dart
DA:4,2
DA:6,0
DA:7,0
DA:12,2
DA:14,1
DA:15,2
DA:20,1
DA:22,1
DA:23,2
DA:28,1
DA:30,1
DA:31,2
DA:36,1
DA:38,1
DA:39,2
LF:15
LH:13
end_of_record
SF:lib\presentation\bloc\movie_detail_state.dart
DA:4,2
DA:6,1
DA:7,1
DA:16,1
DA:18,1
DA:19,2
DA:28,2
DA:35,2
DA:41,2
DA:42,2
DA:43,2
DA:44,2
DA:45,2
DA:49,1
DA:50,1
DA:51,1
DA:52,1
DA:53,1
DA:54,1
LF:19
LH:19
end_of_record
SF:lib\presentation\bloc\movie_detail_bloc.dart
DA:24,1
DA:30,2
DA:31,2
DA:32,2
DA:33,2
DA:34,2
DA:37,1
DA:41,2
DA:42,3
DA:43,2
DA:44,1
DA:47,6
DA:50,2
DA:51,0
DA:53,1
DA:54,2
DA:55,1
DA:62,2
DA:63,1
DA:74,1
DA:78,2
DA:79,1
DA:80,3
DA:83,1
DA:84,2
DA:85,1
DA:88,2
DA:90,4
DA:91,1
DA:92,1
DA:100,1
DA:104,2
DA:105,1
DA:106,3
DA:109,1
DA:110,2
DA:111,1
DA:114,2
DA:116,4
DA:117,1
DA:118,1
DA:126,1
DA:130,3
DA:131,2
DA:132,3
LF:45
LH:44
end_of_record
SF:lib\presentation\bloc\movie_list_bloc.dart
DA:15,1
DA:16,2
DA:17,2
DA:20,1
DA:24,2
DA:25,2
DA:26,1
DA:27,4
DA:28,3
DA:36,1
DA:37,2
DA:38,2
DA:41,1
DA:45,2
DA:46,2
DA:47,1
DA:48,4
DA:49,3
DA:58,1
DA:59,2
DA:60,2
DA:63,1
DA:67,2
DA:68,2
DA:69,1
DA:70,4
DA:71,3
LF:27
LH:27
end_of_record
SF:lib\presentation\bloc\movie_list_state.dart
DA:4,1
DA:6,1
DA:7,1
DA:16,1
DA:18,1
DA:19,2
DA:24,1
DA:26,1
DA:27,2
DA:31,2
DA:33,1
DA:34,1
DA:43,1
DA:45,1
DA:46,2
DA:51,2
DA:53,1
DA:54,2
DA:58,2
DA:60,1
DA:61,1
DA:70,1
DA:72,1
DA:73,2
DA:78,2
DA:80,1
DA:81,2
LF:27
LH:27
end_of_record
SF:lib\presentation\bloc\movie_list_event.dart
DA:4,1
DA:6,1
DA:7,1
DA:13,2
DA:15,1
DA:16,1
DA:22,2
DA:24,1
DA:25,1
LF:9
LH:9
end_of_record
SF:lib\presentation\bloc\movie_search_event.dart
DA:4,1
DA:6,0
DA:7,0
DA:12,1
DA:14,1
DA:15,2
LF:6
LH:4
end_of_record
SF:lib\presentation\bloc\movie_search_state.dart
DA:4,1
DA:6,1
DA:7,1
DA:16,1
DA:18,1
DA:19,2
DA:24,1
DA:26,1
DA:27,2
LF:9
LH:9
end_of_record
SF:lib\presentation\bloc\movie_search_bloc.dart
DA:13,3
DA:14,1
DA:15,1
DA:16,1
DA:20,1
DA:21,3
DA:24,1
DA:28,1
DA:29,2
DA:30,2
DA:31,1
DA:32,4
DA:33,3
LF:13
LH:13
end_of_record
SF:lib\presentation\bloc\watchlist_movie_state.dart
DA:4,1
DA:6,1
DA:7,1
DA:16,1
DA:18,1
DA:19,2
DA:24,1
DA:26,1
DA:27,2
LF:9
LH:9
end_of_record
SF:lib\presentation\bloc\watchlist_movie_bloc.dart
DA:13,1
DA:14,2
DA:15,2
DA:18,1
DA:22,2
DA:23,2
DA:24,1
DA:25,4
DA:26,3
LF:9
LH:9
end_of_record
SF:lib\presentation\bloc\watchlist_movie_event.dart
DA:4,1
DA:6,1
DA:7,1
LF:3
LH:3
end_of_record
SF:lib\presentation\bloc\watchlist_tv_series_bloc.dart
DA:13,1
DA:14,2
DA:15,2
DA:18,1
DA:22,2
DA:23,2
DA:24,1
DA:25,4
DA:26,3
LF:9
LH:9
end_of_record
SF:lib\presentation\bloc\watchlist_tv_series_state.dart
DA:4,1
DA:6,1
DA:7,1
DA:16,1
DA:18,1
DA:19,2
DA:24,1
DA:26,1
DA:27,2
LF:9
LH:9
end_of_record
SF:lib\presentation\bloc\watchlist_tv_series_event.dart
DA:4,1
DA:6,1
DA:7,1
LF:3
LH:3
end_of_record
SF:lib\presentation\bloc\tv_series_search_event.dart
DA:4,1
DA:6,0
DA:7,0
DA:12,1
DA:14,1
DA:15,2
LF:6
LH:4
end_of_record
SF:lib\presentation\bloc\tv_series_search_state.dart
DA:4,1
DA:6,1
DA:7,1
DA:16,1
DA:18,1
DA:19,2
DA:24,1
DA:26,1
DA:27,2
LF:9
LH:9
end_of_record
SF:lib\presentation\bloc\tv_series_search_bloc.dart
DA:14,1
DA:15,2
DA:16,1
DA:17,1
DA:18,1
DA:22,1
DA:23,3
DA:26,1
DA:30,1
DA:31,2
DA:32,2
DA:33,1
DA:34,4
DA:35,3
LF:14
LH:14
end_of_record
SF:lib\presentation\pages\popular_movies_page.dart
DA:9,1
DA:11,1
DA:12,1
DA:16,1
DA:18,1
DA:19,2
DA:20,4
DA:23,1
DA:25,1
DA:26,1
DA:27,1
DA:29,1
DA:30,1
DA:31,1
DA:33,1
DA:34,1
DA:35,1
DA:36,2
DA:37,1
DA:39,2
DA:41,1
DA:42,1
DA:44,2
LF:23
LH:23
end_of_record
SF:lib\presentation\widgets\movie_card_list.dart
DA:10,2
DA:12,3
DA:14,3
DA:16,3
DA:17,1
DA:18,1
DA:21,2
DA:24,3
DA:26,3
DA:27,3
DA:28,3
DA:34,3
DA:36,3
DA:37,3
DA:38,6
DA:41,3
DA:44,3
DA:45,6
DA:53,3
DA:55,3
DA:57,3
DA:58,9
DA:60,3
DA:62,0
LF:24
LH:23
end_of_record
SF:lib\presentation\pages\movie_detail_page.dart
DA:15,1
DA:17,1
DA:18,1
DA:22,1
DA:24,1
DA:25,2
DA:26,6
DA:29,1
DA:31,1
DA:32,1
DA:33,1
DA:34,1
DA:36,1
DA:37,1
DA:38,1
DA:39,1
DA:40,1
DA:41,1
DA:44,1
DA:45,2
DA:60,1
DA:67,1
DA:69,3
DA:70,1
DA:71,1
DA:72,1
DA:73,3
DA:75,1
DA:77,0
DA:79,1
DA:81,1
DA:82,1
DA:83,1
DA:89,1
DA:90,1
DA:91,1
DA:93,1
DA:95,1
DA:97,1
DA:98,4
DA:99,1
DA:100,1
DA:101,1
DA:102,2
DA:103,1
DA:104,1
DA:107,1
DA:110,2
DA:111,2
DA:114,1
DA:116,1
DA:117,1
DA:118,1
DA:125,1
DA:126,1
DA:127,1
DA:128,0
DA:129,1
DA:130,0
DA:132,0
DA:133,0
DA:136,0
DA:137,0
DA:141,1
DA:143,1
DA:153,4
DA:154,4
DA:155,1
DA:156,1
DA:157,1
DA:158,3
DA:160,1
DA:166,4
DA:170,2
DA:171,3
DA:173,2
DA:174,2
DA:175,1
DA:177,1
DA:179,1
DA:180,2
DA:181,1
DA:183,1
DA:184,0
DA:185,0
DA:188,0
DA:191,1
DA:195,1
DA:197,2
DA:198,1
DA:204,0
DA:211,2
DA:218,1
DA:220,1
DA:235,1
DA:237,1
DA:240,1
DA:242,0
DA:243,0
DA:252,1
DA:254,2
DA:255,3
DA:258,1
DA:262,3
DA:265,1
DA:266,1
DA:267,1
DA:269,1
DA:270,1
DA:272,0
LF:110
LH:96
end_of_record
SF:lib\presentation\pages\popular_tv_series_page.dart
DA:9,1
DA:11,1
DA:12,1
DA:16,1
DA:18,1
DA:19,2
DA:20,4
DA:23,1
DA:25,1
DA:26,1
DA:27,1
DA:29,1
DA:30,1
DA:31,1
DA:33,1
DA:34,1
DA:35,1
DA:36,2
DA:37,1
DA:39,2
DA:41,1
DA:42,1
DA:44,2
LF:23
LH:23
end_of_record
SF:lib\presentation\provider\movie_detail_notifier.dart
DA:22,1
DA:31,2
DA:34,2
DA:37,2
DA:40,2
DA:43,2
DA:46,2
DA:48,1
DA:49,1
DA:50,1
DA:51,2
DA:52,2
DA:53,1
DA:54,1
DA:55,1
DA:56,2
DA:57,1
DA:59,1
DA:60,1
DA:61,1
DA:62,1
DA:63,1
DA:64,1
DA:65,1
DA:66,2
DA:68,1
DA:69,1
DA:70,1
DA:73,1
DA:74,1
DA:80,2
DA:82,1
DA:83,2
DA:85,1
DA:86,1
DA:87,2
DA:89,1
DA:90,1
DA:94,2
DA:97,1
DA:98,2
DA:100,1
DA:101,1
DA:102,2
DA:104,1
DA:105,1
DA:109,2
DA:112,1
DA:113,2
DA:114,1
DA:115,1
LF:51
LH:51
end_of_record
SF:lib\presentation\pages\top_rated_movies_page.dart
DA:9,1
DA:11,1
DA:12,1
DA:16,1
DA:18,1
DA:19,2
DA:20,4
DA:23,1
DA:25,1
DA:26,1
DA:27,1
DA:29,1
DA:30,1
DA:31,1
DA:33,1
DA:34,1
DA:35,1
DA:36,2
DA:37,1
DA:39,2
DA:41,1
DA:42,1
DA:44,2
LF:23
LH:23
end_of_record
SF:lib\presentation\provider\movie_list_notifier.dart
DA:10,2
DA:13,2
DA:16,2
DA:19,2
DA:22,2
DA:25,2
DA:28,2
DA:30,1
DA:40,1
DA:41,1
DA:42,1
DA:44,2
DA:45,1
DA:46,1
DA:47,1
DA:48,2
DA:49,1
DA:51,1
DA:52,1
DA:53,1
DA:54,1
DA:59,1
DA:60,1
DA:61,1
DA:63,2
DA:64,1
DA:65,1
DA:66,1
DA:67,2
DA:68,1
DA:70,1
DA:71,1
DA:72,1
DA:73,1
DA:78,1
DA:79,1
DA:80,1
DA:82,2
DA:83,1
DA:84,1
DA:85,1
DA:86,2
DA:87,1
DA:89,1
DA:90,1
DA:91,1
DA:92,1
LF:47
LH:47
end_of_record
SF:lib\presentation\pages\top_rated_tv_series_page.dart
DA:9,1
DA:11,1
DA:12,1
DA:16,1
DA:18,1
DA:19,2
DA:20,4
DA:23,1
DA:25,1
DA:26,1
DA:27,1
DA:29,1
DA:30,1
DA:31,1
DA:33,1
DA:34,1
DA:35,1
DA:36,2
DA:37,1
DA:39,2
DA:41,1
DA:42,1
DA:44,2
LF:23
LH:23
end_of_record
SF:lib\presentation\provider\movie_search_notifier.dart
DA:9,1
DA:12,2
DA:15,2
DA:18,2
DA:20,1
DA:21,1
DA:22,1
DA:24,2
DA:25,1
DA:26,1
DA:27,2
DA:28,1
DA:29,1
DA:31,1
DA:32,1
DA:33,1
DA:34,1
LF:17
LH:17
end_of_record
SF:lib\presentation\provider\now_playing_tv_series_notifier.dart
DA:9,1
DA:12,2
DA:15,2
DA:18,2
DA:20,1
DA:21,1
DA:22,1
DA:24,2
DA:25,1
DA:26,1
DA:27,2
DA:28,1
DA:29,1
DA:31,1
DA:32,1
DA:33,1
DA:34,1
LF:17
LH:17
end_of_record
SF:lib\presentation\provider\popular_movies_notifier.dart
DA:9,1
DA:12,2
DA:15,2
DA:18,2
DA:20,1
DA:21,1
DA:22,1
DA:24,2
DA:26,1
DA:27,1
DA:28,2
DA:29,1
DA:30,1
DA:32,1
DA:33,1
DA:34,1
DA:35,1
LF:17
LH:17
end_of_record
SF:lib\presentation\provider\popular_tv_series_notifier.dart
DA:9,1
DA:12,2
DA:15,2
DA:18,2
DA:20,1
DA:21,1
DA:22,1
DA:24,2
DA:25,1
DA:26,1
DA:27,2
DA:28,1
DA:29,1
DA:31,1
DA:32,1
DA:33,1
DA:34,1
LF:17
LH:17
end_of_record
SF:lib\presentation\provider\top_rated_movies_notifier.dart
DA:9,1
DA:12,2
DA:15,2
DA:18,2
DA:20,1
DA:21,1
DA:22,1
DA:24,2
DA:26,1
DA:27,1
DA:28,2
DA:29,1
DA:30,1
DA:32,1
DA:33,1
DA:34,1
DA:35,1
LF:17
LH:17
end_of_record
SF:lib\presentation\provider\top_rated_tv_series_notifier.dart
DA:9,1
DA:12,2
DA:15,2
DA:18,2
DA:20,1
DA:21,1
DA:22,1
DA:24,2
DA:25,1
DA:26,1
DA:27,2
DA:28,1
DA:29,1
DA:31,1
DA:32,1
DA:33,1
DA:34,1
LF:17
LH:17
end_of_record
SF:lib\presentation\provider\tv_series_detail_notifier.dart
DA:24,1
DA:34,2
DA:37,2
DA:40,2
DA:43,2
DA:46,0
DA:49,0
DA:52,0
DA:55,2
DA:58,2
DA:61,2
DA:63,1
DA:64,1
DA:65,1
DA:67,2
DA:68,2
DA:70,1
DA:71,1
DA:72,1
DA:73,2
DA:74,1
DA:76,1
DA:77,1
DA:78,1
DA:79,1
DA:80,1
DA:81,1
DA:82,1
DA:83,2
DA:85,1
DA:86,1
DA:87,1
DA:90,1
DA:91,1
DA:94,2
DA:95,3
DA:96,1
DA:102,1
DA:103,1
DA:104,1
DA:105,1
DA:107,2
DA:108,1
DA:109,0
DA:110,0
DA:111,0
DA:112,0
DA:114,1
DA:115,1
DA:116,1
DA:117,1
DA:122,1
DA:123,2
DA:125,1
DA:126,1
DA:127,2
DA:129,1
DA:130,1
DA:134,2
DA:137,1
DA:138,2
DA:140,1
DA:141,0
DA:142,0
DA:144,1
DA:145,1
DA:149,2
DA:152,1
DA:153,2
DA:154,1
DA:155,1
LF:71
LH:62
end_of_record
SF:lib\presentation\provider\tv_series_list_notifier.dart
DA:10,2
DA:13,2
DA:16,2
DA:19,2
DA:22,2
DA:25,2
DA:28,2
DA:34,1
DA:40,1
DA:41,1
DA:42,1
DA:44,2
DA:45,1
DA:46,1
DA:47,1
DA:48,2
DA:49,1
DA:51,1
DA:52,1
DA:53,1
DA:54,1
DA:59,1
DA:60,1
DA:61,1
DA:63,2
DA:64,1
DA:65,1
DA:66,1
DA:67,2
DA:68,1
DA:70,1
DA:71,1
DA:72,1
DA:73,1
DA:78,1
DA:79,1
DA:80,1
DA:82,2
DA:83,1
DA:84,1
DA:85,1
DA:86,2
DA:87,1
DA:89,1
DA:90,1
DA:91,1
DA:92,1
LF:47
LH:47
end_of_record
SF:lib\presentation\provider\tv_series_search_notifier.dart
DA:9,1
DA:12,2
DA:15,2
DA:18,2
DA:20,1
DA:21,1
DA:22,1
DA:24,2
DA:25,1
DA:26,1
DA:27,2
DA:28,1
DA:29,1
DA:31,1
DA:32,1
DA:33,1
DA:34,1
LF:17
LH:17
end_of_record
SF:lib\presentation\provider\watchlist_movie_notifier.dart
DA:8,2
DA:11,2
DA:14,2
DA:16,1
DA:20,1
DA:21,1
DA:22,1
DA:24,2
DA:25,1
DA:26,1
DA:27,1
DA:28,2
DA:29,1
DA:31,1
DA:32,1
DA:33,1
DA:34,1
LF:17
LH:17
end_of_record
SF:lib\presentation\provider\watchlist_tv_series_notifier.dart
DA:9,1
DA:12,2
DA:15,2
DA:18,2
DA:20,1
DA:21,1
DA:22,1
DA:24,2
DA:25,1
DA:26,1
DA:27,1
DA:28,2
DA:29,1
DA:31,1
DA:32,1
DA:33,1
DA:34,1
LF:17
LH:17
end_of_record
